<?xml version="1.0" encoding="UTF-8"?>
<!-- Generated by org.testng.reporters.JUnitReportReporter -->
<testsuite hostname="CO-IT026200" failures="0" tests="1" name="org.bank.test.DuplicateEmailAccountsTest" time="1.718" errors="0" timestamp="2022-11-26T21:40:21 COT" skipped="0">
  <testcase classname="org.bank.test.DuplicateEmailAccountsTest" name="avoidDuplicateEmailsTest" time="1.718"/>
  <system-out/>
</testsuite> <!-- org.bank.test.DuplicateEmailAccountsTest -->
